<?xml version="1.0" encoding="UTF-8"?>
<robot generator="Robot 4.0.3 (Python 3.9.6 on win32)" generated="20210714 15:01:14.152" rpa="false" schemaversion="2">
<suite id="s1" name="Argumentos Embutidos" source="C:\Users\Cleonice\OneDrive\Documentos\projetos\PrimeExperts_junho_28_2021\argumentos_embutidos">
<suite id="s1-s1" name="Argumentos Embutidos" source="C:\Users\Cleonice\OneDrive\Documentos\projetos\PrimeExperts_junho_28_2021\argumentos_embutidos\argumentos_embutidos.robot">
<test id="s1-s1-t1" name="Meu teste de soma">
<kw name="somar dois numeros &quot;1&quot; e &quot;2&quot;" sourcename="somar dois numeros &quot;${primeiro_num}&quot; e &quot;${segundo_num}&quot;">
<var>${resultado_da_soma}</var>
<kw name="Evaluate" library="BuiltIn">
<var>${resultado_da_expressao}</var>
<arg>${primeiro_num}+${segundo_num}</arg>
<doc>Evaluates the given expression in Python and returns the result.</doc>
<msg timestamp="20210714 15:01:14.271" level="INFO">${resultado_da_expressao} = 3</msg>
<status status="PASS" starttime="20210714 15:01:14.270" endtime="20210714 15:01:14.271"/>
</kw>
<kw name="Log To Console" library="BuiltIn">
<arg>${\n}O resultado é: ${resultado_da_expressao}</arg>
<doc>Logs the given message to the console.</doc>
<status status="PASS" starttime="20210714 15:01:14.271" endtime="20210714 15:01:14.272"/>
</kw>
<msg timestamp="20210714 15:01:14.274" level="INFO">${resultado_da_soma} = 3</msg>
<status status="PASS" starttime="20210714 15:01:14.270" endtime="20210714 15:01:14.275"/>
</kw>
<kw name="Log" library="BuiltIn">
<arg>${resultado_da_soma}</arg>
<doc>Logs the given message with the given level.</doc>
<msg timestamp="20210714 15:01:14.277" level="INFO">3</msg>
<status status="PASS" starttime="20210714 15:01:14.276" endtime="20210714 15:01:14.277"/>
</kw>
<kw name="somar dois numeros &quot;${resultado_da_soma}&quot; e &quot;4&quot;" sourcename="somar dois numeros &quot;${primeiro_num}&quot; e &quot;${segundo_num}&quot;">
<var>${resultado_da_soma}</var>
<kw name="Evaluate" library="BuiltIn">
<var>${resultado_da_expressao}</var>
<arg>${primeiro_num}+${segundo_num}</arg>
<doc>Evaluates the given expression in Python and returns the result.</doc>
<msg timestamp="20210714 15:01:14.279" level="INFO">${resultado_da_expressao} = 7</msg>
<status status="PASS" starttime="20210714 15:01:14.278" endtime="20210714 15:01:14.279"/>
</kw>
<kw name="Log To Console" library="BuiltIn">
<arg>${\n}O resultado é: ${resultado_da_expressao}</arg>
<doc>Logs the given message to the console.</doc>
<status status="PASS" starttime="20210714 15:01:14.279" endtime="20210714 15:01:14.281"/>
</kw>
<msg timestamp="20210714 15:01:14.282" level="INFO">${resultado_da_soma} = 7</msg>
<status status="PASS" starttime="20210714 15:01:14.277" endtime="20210714 15:01:14.282"/>
</kw>
<kw name="Log" library="BuiltIn">
<arg>${resultado_da_soma}</arg>
<doc>Logs the given message with the given level.</doc>
<msg timestamp="20210714 15:01:14.283" level="INFO">7</msg>
<status status="PASS" starttime="20210714 15:01:14.282" endtime="20210714 15:01:14.284"/>
</kw>
<status status="PASS" starttime="20210714 15:01:14.269" endtime="20210714 15:01:14.284"/>
</test>
<doc>testando argumentos e retornos</doc>
<status status="PASS" starttime="20210714 15:01:14.251" endtime="20210714 15:01:14.289"/>
</suite>
<status status="PASS" starttime="20210714 15:01:14.207" endtime="20210714 15:01:14.294"/>
</suite>
<statistics>
<total>
<stat pass="1" fail="0" skip="0">All Tests</stat>
</total>
<tag>
</tag>
<suite>
<stat pass="1" fail="0" skip="0" id="s1" name="Argumentos Embutidos">Argumentos Embutidos</stat>
<stat pass="1" fail="0" skip="0" id="s1-s1" name="Argumentos Embutidos">Argumentos Embutidos.Argumentos Embutidos</stat>
</suite>
</statistics>
<errors>
</errors>
</robot>
