<?xml version="1.0" encoding="UTF-8"?>
<robot generator="Robot 4.0.3 (Python 3.9.6 on win32)" generated="20210708 15:40:36.269" rpa="false" schemaversion="2">
<suite id="s1" name="Teste Variaveis" source="C:\Users\Cleonice\OneDrive\Documentos\projetos\PrimeExperts_junho_28_2021\variables\teste_variaveis.robot">
<test id="s1-t1" name="Meu teste de impressao de mensagem no terminal">
<kw name="Logar no terminal uma mensagem">
<kw name="Log To Console" library="BuiltIn">
<arg>${MENSAGEM}</arg>
<doc>Logs the given message to the console.</doc>
<status status="PASS" starttime="20210708 15:40:37.089" endtime="20210708 15:40:37.092"/>
</kw>
<status status="PASS" starttime="20210708 15:40:37.088" endtime="20210708 15:40:37.092"/>
</kw>
<status status="PASS" starttime="20210708 15:40:37.086" endtime="20210708 15:40:37.096"/>
</test>
<doc>Meu teste de variaveis</doc>
<status status="PASS" starttime="20210708 15:40:36.336" endtime="20210708 15:40:37.098"/>
</suite>
<statistics>
<total>
<stat pass="1" fail="0" skip="0">All Tests</stat>
</total>
<tag>
</tag>
<suite>
<stat pass="1" fail="0" skip="0" id="s1" name="Teste Variaveis">Teste Variaveis</stat>
</suite>
</statistics>
<errors>
</errors>
</robot>
